2026-05-28 14:04:48,002 - modules.file_module - INFO - 使用 utf-8 编码成功读取文件 C:\Users\Pine\Desktop\Project\pinesawfly\core\exception_handler.py
2026-05-28 14:04:54,699 - modules.file_module - INFO - 使用 utf-8 编码成功读取文件 C:\Users\Pine\Desktop\Project\pinesawfly\core\plugin_loader.py
2026-05-28 14:05:19,802 - modules.generic_rule_engine - INFO - 从 C:\Users\Pine\Desktop\Project\pinesawfly\rules\java_rules.json 加载了 3 条规则
2026-05-28 14:05:19,802 - modules.generic_rule_engine - INFO - 从 C:\Users\Pine\Desktop\Project\pinesawfly\rules\php_rules.json 加载了 10 条规则
2026-05-28 14:05:19,803 - modules.generic_rule_engine - INFO - 从 C:\Users\Pine\Desktop\Project\pinesawfly\rules\python_rules.json 加载了 4 条规则
2026-05-28 14:05:19,806 - modules.generic_rule_engine - INFO - 通用规则引擎在文件 C:\Users\Pine\Desktop\Cybersecurity\awd\备份\web1\var\www\html\account_summary.php 中发现 0 个问题
2026-05-28 14:05:19,808 - modules.generic_rule_engine - INFO - 通用规则引擎在文件 C:\Users\Pine\Desktop\Cybersecurity\awd\备份\web1\var\www\html\addcustomer.php 中发现 0 个问题
2026-05-28 14:05:19,809 - modules.generic_rule_engine - INFO - 通用规则引擎在文件 C:\Users\Pine\Desktop\Cybersecurity\awd\备份\web1\var\www\html\addstaff.php 中发现 0 个问题
2026-05-28 14:05:19,810 - modules.generic_rule_engine - INFO - 通用规则引擎在文件 C:\Users\Pine\Desktop\Cybersecurity\awd\备份\web1\var\www\html\add_beneficiary.php 中发现 0 个问题
2026-05-28 14:05:19,811 - modules.generic_rule_engine - INFO - 通用规则引擎在文件 C:\Users\Pine\Desktop\Cybersecurity\awd\备份\web1\var\www\html\add_beneficiary_process.php 中发现 0 个问题
2026-05-28 14:05:19,812 - modules.generic_rule_engine - INFO - 通用规则引擎在文件 C:\Users\Pine\Desktop\Cybersecurity\awd\备份\web1\var\www\html\add_customer.php 中发现 0 个问题
2026-05-28 14:05:19,812 - modules.generic_rule_engine - INFO - 通用规则引擎在文件 C:\Users\Pine\Desktop\Cybersecurity\awd\备份\web1\var\www\html\add_staff.php 中发现 0 个问题
2026-05-28 14:05:19,813 - modules.generic_rule_engine - INFO - 通用规则引擎在文件 C:\Users\Pine\Desktop\Cybersecurity\awd\备份\web1\var\www\html\adminlogin.php 中发现 0 个问题
2026-05-28 14:05:19,814 - modules.generic_rule_engine - INFO - 通用规则引擎在文件 C:\Users\Pine\Desktop\Cybersecurity\awd\备份\web1\var\www\html\admin_homepage.php 中发现 0 个问题
2026-05-28 14:05:19,814 - modules.generic_rule_engine - INFO - 通用规则引擎在文件 C:\Users\Pine\Desktop\Cybersecurity\awd\备份\web1\var\www\html\admin_hompage.php 中发现 0 个问题
2026-05-28 14:05:19,815 - modules.generic_rule_engine - INFO - 通用规则引擎在文件 C:\Users\Pine\Desktop\Cybersecurity\awd\备份\web1\var\www\html\admin_logout.php 中发现 0 个问题
2026-05-28 14:05:19,815 - modules.generic_rule_engine - INFO - 通用规则引擎在文件 C:\Users\Pine\Desktop\Cybersecurity\awd\备份\web1\var\www\html\admin_navbar.php 中发现 0 个问题
2026-05-28 14:05:19,816 - modules.generic_rule_engine - INFO - 通用规则引擎在文件 C:\Users\Pine\Desktop\Cybersecurity\awd\备份\web1\var\www\html\alter_customer.php 中发现 0 个问题
2026-05-28 14:05:19,817 - modules.generic_rule_engine - INFO - 通用规则引擎在文件 C:\Users\Pine\Desktop\Cybersecurity\awd\备份\web1\var\www\html\alter_staff.php 中发现 0 个问题
2026-05-28 14:05:19,818 - modules.generic_rule_engine - INFO - 通用规则引擎在文件 C:\Users\Pine\Desktop\Cybersecurity\awd\备份\web1\var\www\html\change_password.php 中发现 0 个问题
2026-05-28 14:05:19,819 - modules.generic_rule_engine - INFO - 通用规则引擎在文件 C:\Users\Pine\Desktop\Cybersecurity\awd\备份\web1\var\www\html\change_password_customer.php 中发现 0 个问题
2026-05-28 14:05:19,820 - modules.generic_rule_engine - INFO - 通用规则引擎在文件 C:\Users\Pine\Desktop\Cybersecurity\awd\备份\web1\var\www\html\change_password_staff.php 中发现 0 个问题
2026-05-28 14:05:19,821 - modules.generic_rule_engine - INFO - 通用规则引擎在文件 C:\Users\Pine\Desktop\Cybersecurity\awd\备份\web1\var\www\html\contact.php 中发现 0 个问题
2026-05-28 14:05:19,822 - modules.generic_rule_engine - INFO - 通用规则引擎在文件 C:\Users\Pine\Desktop\Cybersecurity\awd\备份\web1\var\www\html\customer_account_statement.php 中发现 0 个问题
2026-05-28 14:05:19,823 - modules.generic_rule_engine - INFO - 通用规则引擎在文件 C:\Users\Pine\Desktop\Cybersecurity\awd\备份\web1\var\www\html\customer_account_statement_date.php 中发现 0 个问题
2026-05-28 14:05:19,824 - modules.generic_rule_engine - INFO - 通用规则引擎在文件 C:\Users\Pine\Desktop\Cybersecurity\awd\备份\web1\var\www\html\customer_account_summary.php 中发现 0 个问题
2026-05-28 14:05:19,825 - modules.generic_rule_engine - INFO - 通用规则引擎在文件 C:\Users\Pine\Desktop\Cybersecurity\awd\备份\web1\var\www\html\customer_issue_atm.php 中发现 0 个问题
2026-05-28 14:05:19,825 - modules.generic_rule_engine - INFO - 通用规则引擎在文件 C:\Users\Pine\Desktop\Cybersecurity\awd\备份\web1\var\www\html\customer_issue_atm_process.php 中发现 0 个问题
2026-05-28 14:05:19,826 - modules.generic_rule_engine - INFO - 通用规则引擎在文件 C:\Users\Pine\Desktop\Cybersecurity\awd\备份\web1\var\www\html\customer_logout.php 中发现 0 个问题
2026-05-28 14:05:19,827 - modules.generic_rule_engine - INFO - 通用规则引擎在文件 C:\Users\Pine\Desktop\Cybersecurity\awd\备份\web1\var\www\html\customer_mini_statement.php 中发现 0 个问题
2026-05-28 14:05:19,827 - modules.generic_rule_engine - INFO - 通用规则引擎在文件 C:\Users\Pine\Desktop\Cybersecurity\awd\备份\web1\var\www\html\customer_navbar.php 中发现 0 个问题
2026-05-28 14:05:19,828 - modules.generic_rule_engine - INFO - 通用规则引擎在文件 C:\Users\Pine\Desktop\Cybersecurity\awd\备份\web1\var\www\html\customer_personal_details.php 中发现 0 个问题
2026-05-28 14:05:19,829 - modules.generic_rule_engine - INFO - 通用规则引擎在文件 C:\Users\Pine\Desktop\Cybersecurity\awd\备份\web1\var\www\html\customer_transfer.php 中发现 0 个问题
2026-05-28 14:05:19,830 - modules.generic_rule_engine - INFO - 通用规则引擎在文件 C:\Users\Pine\Desktop\Cybersecurity\awd\备份\web1\var\www\html\customer_transfer_process.php 中发现 0 个问题
2026-05-28 14:05:19,830 - modules.generic_rule_engine - INFO - 通用规则引擎在文件 C:\Users\Pine\Desktop\Cybersecurity\awd\备份\web1\var\www\html\delete_beneficiary.php 中发现 0 个问题
2026-05-28 14:05:19,831 - modules.generic_rule_engine - INFO - 通用规则引擎在文件 C:\Users\Pine\Desktop\Cybersecurity\awd\备份\web1\var\www\html\delete_customer.php 中发现 0 个问题
2026-05-28 14:05:19,832 - modules.generic_rule_engine - INFO - 通用规则引擎在文件 C:\Users\Pine\Desktop\Cybersecurity\awd\备份\web1\var\www\html\delete_staff.php 中发现 0 个问题
2026-05-28 14:05:19,833 - modules.generic_rule_engine - INFO - 通用规则引擎在文件 C:\Users\Pine\Desktop\Cybersecurity\awd\备份\web1\var\www\html\display_beneficiary.php 中发现 0 个问题
2026-05-28 14:05:19,835 - modules.generic_rule_engine - INFO - 通用规则引擎在文件 C:\Users\Pine\Desktop\Cybersecurity\awd\备份\web1\var\www\html\display_customer.php 中发现 0 个问题
2026-05-28 14:05:19,836 - modules.generic_rule_engine - INFO - 通用规则引擎在文件 C:\Users\Pine\Desktop\Cybersecurity\awd\备份\web1\var\www\html\display_staff.php 中发现 0 个问题
2026-05-28 14:05:19,837 - modules.generic_rule_engine - INFO - 通用规则引擎在文件 C:\Users\Pine\Desktop\Cybersecurity\awd\备份\web1\var\www\html\editcustomer.php 中发现 0 个问题
2026-05-28 14:05:19,838 - modules.generic_rule_engine - INFO - 通用规则引擎在文件 C:\Users\Pine\Desktop\Cybersecurity\awd\备份\web1\var\www\html\editprofile.php 中发现 0 个问题
2026-05-28 14:05:19,839 - modules.generic_rule_engine - INFO - 通用规则引擎在文件 C:\Users\Pine\Desktop\Cybersecurity\awd\备份\web1\var\www\html\editstaff.php 中发现 0 个问题
2026-05-28 14:05:19,841 - modules.generic_rule_engine - INFO - 通用规则引擎在文件 C:\Users\Pine\Desktop\Cybersecurity\awd\备份\web1\var\www\html\faq.php 中发现 1 个问题
2026-05-28 14:05:19,842 - modules.generic_rule_engine - INFO - 通用规则引擎在文件 C:\Users\Pine\Desktop\Cybersecurity\awd\备份\web1\var\www\html\features.php 中发现 0 个问题
2026-05-28 14:05:19,842 - modules.generic_rule_engine - INFO - 通用规则引擎在文件 C:\Users\Pine\Desktop\Cybersecurity\awd\备份\web1\var\www\html\footer.php 中发现 1 个问题
2026-05-28 14:05:19,843 - modules.generic_rule_engine - INFO - 通用规则引擎在文件 C:\Users\Pine\Desktop\Cybersecurity\awd\备份\web1\var\www\html\header.php 中发现 0 个问题
2026-05-28 14:05:19,844 - modules.generic_rule_engine - INFO - 通用规则引擎在文件 C:\Users\Pine\Desktop\Cybersecurity\awd\备份\web1\var\www\html\index.php 中发现 0 个问题
2026-05-28 14:05:19,844 - modules.generic_rule_engine - INFO - 通用规则引擎在文件 C:\Users\Pine\Desktop\Cybersecurity\awd\备份\web1\var\www\html\info.php 中发现 0 个问题
2026-05-28 14:05:19,845 - modules.generic_rule_engine - INFO - 通用规则引擎在文件 C:\Users\Pine\Desktop\Cybersecurity\awd\备份\web1\var\www\html\no-js.php 中发现 0 个问题
2026-05-28 14:05:19,846 - modules.generic_rule_engine - INFO - 通用规则引擎在文件 C:\Users\Pine\Desktop\Cybersecurity\awd\备份\web1\var\www\html\safeonlinebanking.php 中发现 0 个问题
2026-05-28 14:05:19,846 - modules.generic_rule_engine - INFO - 通用规则引擎在文件 C:\Users\Pine\Desktop\Cybersecurity\awd\备份\web1\var\www\html\staff_approve_beneficiery.php 中发现 0 个问题
2026-05-28 14:05:19,847 - modules.generic_rule_engine - INFO - 通用规则引擎在文件 C:\Users\Pine\Desktop\Cybersecurity\awd\备份\web1\var\www\html\staff_atm_approve.php 中发现 0 个问题
2026-05-28 14:05:19,848 - modules.generic_rule_engine - INFO - 通用规则引擎在文件 C:\Users\Pine\Desktop\Cybersecurity\awd\备份\web1\var\www\html\staff_atm_approve_process.php 中发现 0 个问题
2026-05-28 14:05:19,849 - modules.generic_rule_engine - INFO - 通用规则引擎在文件 C:\Users\Pine\Desktop\Cybersecurity\awd\备份\web1\var\www\html\staff_beneficiary.php 中发现 0 个问题
2026-05-28 14:05:19,849 - modules.generic_rule_engine - INFO - 通用规则引擎在文件 C:\Users\Pine\Desktop\Cybersecurity\awd\备份\web1\var\www\html\staff_cheque_approve.php 中发现 0 个问题
2026-05-28 14:05:19,850 - modules.generic_rule_engine - INFO - 通用规则引擎在文件 C:\Users\Pine\Desktop\Cybersecurity\awd\备份\web1\var\www\html\staff_cheque_approve_process.php 中发现 0 个问题
2026-05-28 14:05:19,851 - modules.generic_rule_engine - INFO - 通用规则引擎在文件 C:\Users\Pine\Desktop\Cybersecurity\awd\备份\web1\var\www\html\staff_homepage.php 中发现 0 个问题
2026-05-28 14:05:19,852 - modules.generic_rule_engine - INFO - 通用规则引擎在文件 C:\Users\Pine\Desktop\Cybersecurity\awd\备份\web1\var\www\html\staff_login.php 中发现 1 个问题
2026-05-28 14:05:19,852 - modules.generic_rule_engine - INFO - 通用规则引擎在文件 C:\Users\Pine\Desktop\Cybersecurity\awd\备份\web1\var\www\html\staff_logout.php 中发现 0 个问题
2026-05-28 14:05:19,853 - modules.generic_rule_engine - INFO - 通用规则引擎在文件 C:\Users\Pine\Desktop\Cybersecurity\awd\备份\web1\var\www\html\staff_navbar.php 中发现 0 个问题
2026-05-28 14:05:19,865 - modules.generic_rule_engine - INFO - 通用规则引擎在文件 C:\Users\Pine\Desktop\Cybersecurity\awd\备份\web1\var\www\html\t&c.php 中发现 0 个问题
2026-05-28 14:05:19,866 - modules.generic_rule_engine - INFO - 通用规则引擎在文件 C:\Users\Pine\Desktop\Cybersecurity\awd\备份\web1\var\www\html\test.php 中发现 1 个问题
2026-05-28 14:05:19,866 - modules.generic_rule_engine - INFO - 通用规则引擎在文件 C:\Users\Pine\Desktop\Cybersecurity\awd\备份\web1\var\www\html\test2.php 中发现 0 个问题
2026-05-28 14:05:19,867 - modules.generic_rule_engine - INFO - 通用规则引擎在文件 C:\Users\Pine\Desktop\Cybersecurity\awd\备份\web1\var\www\html\_inc\dbconn.php 中发现 0 个问题
2026-05-28 14:05:21,535 - modules.file_module - INFO - 使用 utf-8 编码成功读取文件 C:\Users\Pine\Desktop\Cybersecurity\awd\备份\web1\var\www\html\_inc\dbconn.php
2026-05-28 14:05:24,854 - modules.file_module - INFO - 使用 utf-8 编码成功读取文件 C:\Users\Pine\Desktop\Cybersecurity\awd\备份\web1\var\www\html\account_summary.php
2026-05-28 14:05:25,403 - modules.file_module - INFO - 使用 utf-8 编码成功读取文件 C:\Users\Pine\Desktop\Cybersecurity\awd\备份\web1\var\www\html\add_beneficiary.php
2026-05-28 14:05:27,213 - modules.file_module - INFO - 使用 utf-8 编码成功读取文件 C:\Users\Pine\Desktop\Cybersecurity\awd\备份\web1\var\www\html\add_staff.php
2026-05-28 14:05:28,376 - modules.file_module - INFO - 使用 utf-8 编码成功读取文件 C:\Users\Pine\Desktop\Cybersecurity\awd\备份\web1\var\www\html\addstaff.php
2026-05-28 14:05:33,624 - modules.file_module - INFO - 使用 utf-8 编码成功读取文件 C:\Users\Pine\Desktop\Cybersecurity\awd\备份\web1\var\www\html\addstaff.php
2026-05-28 14:05:34,240 - modules.file_module - INFO - 使用 utf-8 编码成功读取文件 C:\Users\Pine\Desktop\Cybersecurity\awd\备份\web1\var\www\html\admin_homepage.php
2026-05-28 14:05:34,889 - modules.file_module - INFO - 使用 utf-8 编码成功读取文件 C:\Users\Pine\Desktop\Cybersecurity\awd\备份\web1\var\www\html\add_staff.php
2026-05-28 14:05:38,413 - modules.file_module - INFO - 使用 utf-8 编码成功读取文件 C:\Users\Pine\Desktop\Cybersecurity\awd\备份\web1\var\www\html\_inc\dbconn.php
2026-05-28 14:05:39,282 - modules.file_module - INFO - 使用 utf-8 编码成功读取文件 C:\Users\Pine\Desktop\Cybersecurity\awd\备份\web1\var\www\html\_inc\dbconn.php
2026-05-28 14:05:39,929 - modules.file_module - INFO - 使用 utf-8 编码成功读取文件 C:\Users\Pine\Desktop\Cybersecurity\awd\备份\web1\var\www\html\add_staff.php
2026-05-28 14:05:40,766 - modules.file_module - INFO - 使用 utf-8 编码成功读取文件 C:\Users\Pine\Desktop\Cybersecurity\awd\备份\web1\var\www\html\addstaff.php
2026-05-28 14:05:41,737 - modules.file_module - INFO - 使用 utf-8 编码成功读取文件 C:\Users\Pine\Desktop\Cybersecurity\awd\备份\web1\var\www\html\admin_navbar.php
2026-05-28 14:05:42,376 - modules.file_module - INFO - 使用 utf-8 编码成功读取文件 C:\Users\Pine\Desktop\Cybersecurity\awd\备份\web1\var\www\html\alter_customer.php
2026-05-28 14:06:46,448 - modules.file_module - INFO - 使用 utf-8 编码成功读取文件 C:\Users\Pine\Desktop\Cybersecurity\awd\备份\web1\var\www\html\account_summary.php
2026-05-28 14:06:53,467 - modules.file_module - INFO - 使用 utf-8 编码成功读取文件 C:\Users\Pine\Desktop\Cybersecurity\awd\备份\web1\var\www\html\footer.php
2026-05-28 14:06:54,176 - modules.file_module - INFO - 使用 utf-8 编码成功读取文件 C:\Users\Pine\Desktop\Cybersecurity\awd\备份\web1\var\www\html\footer.php
2026-05-28 14:06:54,712 - modules.file_module - INFO - 使用 utf-8 编码成功读取文件 C:\Users\Pine\Desktop\Cybersecurity\awd\备份\web1\var\www\html\staff_login.php
2026-05-28 14:06:55,501 - modules.file_module - INFO - 使用 utf-8 编码成功读取文件 C:\Users\Pine\Desktop\Cybersecurity\awd\备份\web1\var\www\html\footer.php
2026-05-28 14:06:57,481 - modules.file_module - INFO - 使用 utf-8 编码成功读取文件 C:\Users\Pine\Desktop\Cybersecurity\awd\备份\web1\var\www\html\footer.php
2026-05-28 14:06:59,094 - modules.file_module - INFO - 使用 utf-8 编码成功读取文件 C:\Users\Pine\Desktop\Cybersecurity\awd\备份\web1\var\www\html\footer.php
2026-05-28 14:06:59,689 - modules.file_module - INFO - 使用 utf-8 编码成功读取文件 C:\Users\Pine\Desktop\Cybersecurity\awd\备份\web1\var\www\html\staff_login.php
2026-05-28 14:07:04,319 - modules.file_module - INFO - 使用 utf-8 编码成功读取文件 C:\Users\Pine\Desktop\Cybersecurity\awd\备份\web1\var\www\html\footer.php
2026-05-28 14:25:51,504 - modules.file_module - INFO - 使用 utf-8 编码成功读取文件 C:\Users\Pine\Desktop\Project\pinesawfly\core\exception_handler.py
2026-05-28 14:27:19,405 - modules.file_module - INFO - 使用 utf-8 编码成功读取文件 C:\Users\Pine\Desktop\Project\pinesawfly\core\exception_handler.py
2026-05-28 14:27:20,528 - modules.file_module - INFO - 使用 utf-8 编码成功读取文件 C:\Users\Pine\Desktop\Project\pinesawfly\core\plugin_interface.py
2026-05-28 14:27:23,235 - modules.file_module - INFO - 使用 utf-8 编码成功读取文件 C:\Users\Pine\Desktop\Project\pinesawfly\core\plugin_loader.py
2026-05-28 14:27:24,380 - modules.file_module - INFO - 使用 utf-8 编码成功读取文件 C:\Users\Pine\Desktop\Project\pinesawfly\main.py
2026-05-28 14:31:21,819 - modules.file_module - INFO - 使用 utf-8 编码成功读取文件 C:\Users\Pine\Desktop\Project\pinesawfly\core\exception_handler.py
2026-05-28 14:31:22,595 - modules.file_module - INFO - 使用 utf-8 编码成功读取文件 C:\Users\Pine\Desktop\Project\pinesawfly\core\plugin_interface.py
2026-05-28 14:31:24,106 - modules.file_module - INFO - 使用 utf-8 编码成功读取文件 C:\Users\Pine\Desktop\Project\pinesawfly\core\plugin_loader.py
2026-05-28 14:36:09,904 - modules.file_module - INFO - 使用 utf-8 编码成功读取文件 C:\Users\Pine\Desktop\Project\pinesawfly\core\exception_handler.py
2026-05-28 14:36:10,483 - modules.file_module - INFO - 使用 utf-8 编码成功读取文件 C:\Users\Pine\Desktop\Project\pinesawfly\core\plugin_interface.py
2026-05-28 14:36:10,936 - modules.file_module - INFO - 使用 utf-8 编码成功读取文件 C:\Users\Pine\Desktop\Project\pinesawfly\core\plugin_loader.py
2026-05-28 14:36:11,559 - modules.file_module - INFO - 使用 utf-8 编码成功读取文件 C:\Users\Pine\Desktop\Project\pinesawfly\pinesawfly\__init__.py
2026-05-28 14:41:51,344 - modules.file_module - INFO - 使用 utf-8 编码成功读取文件 C:\Users\Pine\Desktop\Project\pinesawfly\pinesawfly\__init__.py
2026-05-28 14:41:51,787 - modules.file_module - INFO - 使用 utf-8 编码成功读取文件 C:\Users\Pine\Desktop\Project\pinesawfly\modules\file_module.py
2026-05-28 14:41:52,453 - modules.file_module - INFO - 使用 utf-8 编码成功读取文件 C:\Users\Pine\Desktop\Project\pinesawfly\core\plugin_loader.py
2026-05-28 14:41:52,985 - modules.file_module - INFO - 使用 utf-8 编码成功读取文件 C:\Users\Pine\Desktop\Project\pinesawfly\core\exception_handler.py
2026-05-28 14:41:53,728 - modules.file_module - INFO - 使用 utf-8 编码成功读取文件 C:\Users\Pine\Desktop\Project\pinesawfly\core\plugin_loader.py
2026-05-28 14:41:54,418 - modules.file_module - INFO - 使用 utf-8 编码成功读取文件 C:\Users\Pine\Desktop\Project\pinesawfly\main.py
2026-05-28 14:41:55,085 - modules.file_module - INFO - 使用 utf-8 编码成功读取文件 C:\Users\Pine\Desktop\Project\pinesawfly\core\exception_handler.py
2026-05-28 14:41:57,809 - modules.file_module - INFO - 使用 utf-8 编码成功读取文件 C:\Users\Pine\Desktop\Project\pinesawfly\main.py
2026-05-28 14:41:58,357 - modules.file_module - INFO - 使用 utf-8 编码成功读取文件 C:\Users\Pine\Desktop\Project\pinesawfly\modules\generic_rule_engine.py
2026-05-28 14:42:00,488 - modules.file_module - INFO - 使用 utf-8 编码成功读取文件 C:\Users\Pine\Desktop\Project\pinesawfly\core\plugin_loader.py
2026-05-28 14:42:19,394 - modules.file_module - INFO - 使用 utf-8 编码成功读取文件 C:\Users\Pine\Desktop\Project\pinesawfly\modules\generic_rule_engine.py
2026-05-28 14:42:19,945 - modules.file_module - INFO - 使用 utf-8 编码成功读取文件 C:\Users\Pine\Desktop\Project\pinesawfly\pinesawfly\__main__.py
2026-05-28 14:42:20,453 - modules.file_module - INFO - 使用 utf-8 编码成功读取文件 C:\Users\Pine\Desktop\Project\pinesawfly\modules\generic_rule_engine.py
2026-05-28 14:42:21,029 - modules.file_module - INFO - 使用 utf-8 编码成功读取文件 C:\Users\Pine\Desktop\Project\pinesawfly\main.py
2026-05-28 14:42:22,286 - modules.file_module - INFO - 使用 utf-8 编码成功读取文件 C:\Users\Pine\Desktop\Project\pinesawfly\main.py
2026-05-28 14:42:22,819 - modules.file_module - INFO - 使用 utf-8 编码成功读取文件 C:\Users\Pine\Desktop\Project\pinesawfly\core\plugin_loader.py
2026-05-28 14:42:23,660 - modules.file_module - INFO - 使用 utf-8 编码成功读取文件 C:\Users\Pine\Desktop\Project\pinesawfly\core\plugin_interface.py
2026-05-28 14:43:21,248 - modules.generic_rule_engine - INFO - 从 C:\Users\Pine\Desktop\Project\pinesawfly\rules\java_rules.json 加载了 3 条规则
2026-05-28 14:43:21,250 - modules.generic_rule_engine - INFO - 从 C:\Users\Pine\Desktop\Project\pinesawfly\rules\php_rules.json 加载了 10 条规则
2026-05-28 14:43:21,250 - modules.generic_rule_engine - INFO - 从 C:\Users\Pine\Desktop\Project\pinesawfly\rules\python_rules.json 加载了 4 条规则
2026-05-28 14:43:21,252 - modules.generic_rule_engine - INFO - 通用规则引擎在文件 C:\Users\Pine\Desktop\Cybersecurity\awd\备份\web1\var\www\html\account_summary.php 中发现 0 个问题
2026-05-28 14:43:21,253 - modules.generic_rule_engine - INFO - 通用规则引擎在文件 C:\Users\Pine\Desktop\Cybersecurity\awd\备份\web1\var\www\html\addcustomer.php 中发现 0 个问题
2026-05-28 14:43:21,254 - modules.generic_rule_engine - INFO - 通用规则引擎在文件 C:\Users\Pine\Desktop\Cybersecurity\awd\备份\web1\var\www\html\addstaff.php 中发现 0 个问题
2026-05-28 14:43:21,255 - modules.generic_rule_engine - INFO - 通用规则引擎在文件 C:\Users\Pine\Desktop\Cybersecurity\awd\备份\web1\var\www\html\add_beneficiary.php 中发现 0 个问题
2026-05-28 14:43:21,256 - modules.generic_rule_engine - INFO - 通用规则引擎在文件 C:\Users\Pine\Desktop\Cybersecurity\awd\备份\web1\var\www\html\add_beneficiary_process.php 中发现 0 个问题
2026-05-28 14:43:21,257 - modules.generic_rule_engine - INFO - 通用规则引擎在文件 C:\Users\Pine\Desktop\Cybersecurity\awd\备份\web1\var\www\html\add_customer.php 中发现 0 个问题
2026-05-28 14:43:21,258 - modules.generic_rule_engine - INFO - 通用规则引擎在文件 C:\Users\Pine\Desktop\Cybersecurity\awd\备份\web1\var\www\html\add_staff.php 中发现 0 个问题
2026-05-28 14:43:21,258 - modules.generic_rule_engine - INFO - 通用规则引擎在文件 C:\Users\Pine\Desktop\Cybersecurity\awd\备份\web1\var\www\html\adminlogin.php 中发现 0 个问题
2026-05-28 14:43:21,259 - modules.generic_rule_engine - INFO - 通用规则引擎在文件 C:\Users\Pine\Desktop\Cybersecurity\awd\备份\web1\var\www\html\admin_homepage.php 中发现 0 个问题
2026-05-28 14:43:21,260 - modules.generic_rule_engine - INFO - 通用规则引擎在文件 C:\Users\Pine\Desktop\Cybersecurity\awd\备份\web1\var\www\html\admin_hompage.php 中发现 0 个问题
2026-05-28 14:43:21,260 - modules.generic_rule_engine - INFO - 通用规则引擎在文件 C:\Users\Pine\Desktop\Cybersecurity\awd\备份\web1\var\www\html\admin_logout.php 中发现 0 个问题
2026-05-28 14:43:21,260 - modules.generic_rule_engine - INFO - 通用规则引擎在文件 C:\Users\Pine\Desktop\Cybersecurity\awd\备份\web1\var\www\html\admin_navbar.php 中发现 0 个问题
2026-05-28 14:43:21,261 - modules.generic_rule_engine - INFO - 通用规则引擎在文件 C:\Users\Pine\Desktop\Cybersecurity\awd\备份\web1\var\www\html\alter_customer.php 中发现 0 个问题
2026-05-28 14:43:21,262 - modules.generic_rule_engine - INFO - 通用规则引擎在文件 C:\Users\Pine\Desktop\Cybersecurity\awd\备份\web1\var\www\html\alter_staff.php 中发现 0 个问题
2026-05-28 14:43:21,263 - modules.generic_rule_engine - INFO - 通用规则引擎在文件 C:\Users\Pine\Desktop\Cybersecurity\awd\备份\web1\var\www\html\change_password.php 中发现 0 个问题
2026-05-28 14:43:21,263 - modules.generic_rule_engine - INFO - 通用规则引擎在文件 C:\Users\Pine\Desktop\Cybersecurity\awd\备份\web1\var\www\html\change_password_customer.php 中发现 0 个问题
2026-05-28 14:43:21,264 - modules.generic_rule_engine - INFO - 通用规则引擎在文件 C:\Users\Pine\Desktop\Cybersecurity\awd\备份\web1\var\www\html\change_password_staff.php 中发现 0 个问题
2026-05-28 14:43:21,265 - modules.generic_rule_engine - INFO - 通用规则引擎在文件 C:\Users\Pine\Desktop\Cybersecurity\awd\备份\web1\var\www\html\contact.php 中发现 0 个问题
2026-05-28 14:43:21,266 - modules.generic_rule_engine - INFO - 通用规则引擎在文件 C:\Users\Pine\Desktop\Cybersecurity\awd\备份\web1\var\www\html\customer_account_statement.php 中发现 0 个问题
2026-05-28 14:43:21,266 - modules.generic_rule_engine - INFO - 通用规则引擎在文件 C:\Users\Pine\Desktop\Cybersecurity\awd\备份\web1\var\www\html\customer_account_statement_date.php 中发现 0 个问题
2026-05-28 14:43:21,267 - modules.generic_rule_engine - INFO - 通用规则引擎在文件 C:\Users\Pine\Desktop\Cybersecurity\awd\备份\web1\var\www\html\customer_account_summary.php 中发现 0 个问题
2026-05-28 14:43:21,268 - modules.generic_rule_engine - INFO - 通用规则引擎在文件 C:\Users\Pine\Desktop\Cybersecurity\awd\备份\web1\var\www\html\customer_issue_atm.php 中发现 0 个问题
2026-05-28 14:43:21,269 - modules.generic_rule_engine - INFO - 通用规则引擎在文件 C:\Users\Pine\Desktop\Cybersecurity\awd\备份\web1\var\www\html\customer_issue_atm_process.php 中发现 0 个问题
2026-05-28 14:43:21,269 - modules.generic_rule_engine - INFO - 通用规则引擎在文件 C:\Users\Pine\Desktop\Cybersecurity\awd\备份\web1\var\www\html\customer_logout.php 中发现 0 个问题
2026-05-28 14:43:21,270 - modules.generic_rule_engine - INFO - 通用规则引擎在文件 C:\Users\Pine\Desktop\Cybersecurity\awd\备份\web1\var\www\html\customer_mini_statement.php 中发现 0 个问题
2026-05-28 14:43:21,271 - modules.generic_rule_engine - INFO - 通用规则引擎在文件 C:\Users\Pine\Desktop\Cybersecurity\awd\备份\web1\var\www\html\customer_navbar.php 中发现 0 个问题
2026-05-28 14:43:21,272 - modules.generic_rule_engine - INFO - 通用规则引擎在文件 C:\Users\Pine\Desktop\Cybersecurity\awd\备份\web1\var\www\html\customer_personal_details.php 中发现 0 个问题
2026-05-28 14:43:21,272 - modules.generic_rule_engine - INFO - 通用规则引擎在文件 C:\Users\Pine\Desktop\Cybersecurity\awd\备份\web1\var\www\html\customer_transfer.php 中发现 0 个问题
2026-05-28 14:43:21,273 - modules.generic_rule_engine - INFO - 通用规则引擎在文件 C:\Users\Pine\Desktop\Cybersecurity\awd\备份\web1\var\www\html\customer_transfer_process.php 中发现 0 个问题
2026-05-28 14:43:21,273 - modules.generic_rule_engine - INFO - 通用规则引擎在文件 C:\Users\Pine\Desktop\Cybersecurity\awd\备份\web1\var\www\html\delete_beneficiary.php 中发现 0 个问题
2026-05-28 14:43:21,274 - modules.generic_rule_engine - INFO - 通用规则引擎在文件 C:\Users\Pine\Desktop\Cybersecurity\awd\备份\web1\var\www\html\delete_customer.php 中发现 0 个问题
2026-05-28 14:43:21,275 - modules.generic_rule_engine - INFO - 通用规则引擎在文件 C:\Users\Pine\Desktop\Cybersecurity\awd\备份\web1\var\www\html\delete_staff.php 中发现 0 个问题
2026-05-28 14:43:21,276 - modules.generic_rule_engine - INFO - 通用规则引擎在文件 C:\Users\Pine\Desktop\Cybersecurity\awd\备份\web1\var\www\html\display_beneficiary.php 中发现 0 个问题
2026-05-28 14:43:21,277 - modules.generic_rule_engine - INFO - 通用规则引擎在文件 C:\Users\Pine\Desktop\Cybersecurity\awd\备份\web1\var\www\html\display_customer.php 中发现 0 个问题
2026-05-28 14:43:21,278 - modules.generic_rule_engine - INFO - 通用规则引擎在文件 C:\Users\Pine\Desktop\Cybersecurity\awd\备份\web1\var\www\html\display_staff.php 中发现 0 个问题
2026-05-28 14:43:21,279 - modules.generic_rule_engine - INFO - 通用规则引擎在文件 C:\Users\Pine\Desktop\Cybersecurity\awd\备份\web1\var\www\html\editcustomer.php 中发现 0 个问题
2026-05-28 14:43:21,280 - modules.generic_rule_engine - INFO - 通用规则引擎在文件 C:\Users\Pine\Desktop\Cybersecurity\awd\备份\web1\var\www\html\editprofile.php 中发现 0 个问题
2026-05-28 14:43:21,281 - modules.generic_rule_engine - INFO - 通用规则引擎在文件 C:\Users\Pine\Desktop\Cybersecurity\awd\备份\web1\var\www\html\editstaff.php 中发现 0 个问题
2026-05-28 14:43:21,282 - modules.generic_rule_engine - INFO - 通用规则引擎在文件 C:\Users\Pine\Desktop\Cybersecurity\awd\备份\web1\var\www\html\faq.php 中发现 1 个问题
2026-05-28 14:43:21,283 - modules.generic_rule_engine - INFO - 通用规则引擎在文件 C:\Users\Pine\Desktop\Cybersecurity\awd\备份\web1\var\www\html\features.php 中发现 0 个问题
2026-05-28 14:43:21,284 - modules.generic_rule_engine - INFO - 通用规则引擎在文件 C:\Users\Pine\Desktop\Cybersecurity\awd\备份\web1\var\www\html\footer.php 中发现 1 个问题
2026-05-28 14:43:21,284 - modules.generic_rule_engine - INFO - 通用规则引擎在文件 C:\Users\Pine\Desktop\Cybersecurity\awd\备份\web1\var\www\html\header.php 中发现 0 个问题
2026-05-28 14:43:21,286 - modules.generic_rule_engine - INFO - 通用规则引擎在文件 C:\Users\Pine\Desktop\Cybersecurity\awd\备份\web1\var\www\html\index.php 中发现 0 个问题
2026-05-28 14:43:21,286 - modules.generic_rule_engine - INFO - 通用规则引擎在文件 C:\Users\Pine\Desktop\Cybersecurity\awd\备份\web1\var\www\html\info.php 中发现 0 个问题
2026-05-28 14:43:21,286 - modules.generic_rule_engine - INFO - 通用规则引擎在文件 C:\Users\Pine\Desktop\Cybersecurity\awd\备份\web1\var\www\html\no-js.php 中发现 0 个问题
2026-05-28 14:43:21,287 - modules.generic_rule_engine - INFO - 通用规则引擎在文件 C:\Users\Pine\Desktop\Cybersecurity\awd\备份\web1\var\www\html\safeonlinebanking.php 中发现 0 个问题
2026-05-28 14:43:21,287 - modules.generic_rule_engine - INFO - 通用规则引擎在文件 C:\Users\Pine\Desktop\Cybersecurity\awd\备份\web1\var\www\html\staff_approve_beneficiery.php 中发现 0 个问题
2026-05-28 14:43:21,288 - modules.generic_rule_engine - INFO - 通用规则引擎在文件 C:\Users\Pine\Desktop\Cybersecurity\awd\备份\web1\var\www\html\staff_atm_approve.php 中发现 0 个问题
2026-05-28 14:43:21,289 - modules.generic_rule_engine - INFO - 通用规则引擎在文件 C:\Users\Pine\Desktop\Cybersecurity\awd\备份\web1\var\www\html\staff_atm_approve_process.php 中发现 0 个问题
2026-05-28 14:43:21,289 - modules.generic_rule_engine - INFO - 通用规则引擎在文件 C:\Users\Pine\Desktop\Cybersecurity\awd\备份\web1\var\www\html\staff_beneficiary.php 中发现 0 个问题
2026-05-28 14:43:21,290 - modules.generic_rule_engine - INFO - 通用规则引擎在文件 C:\Users\Pine\Desktop\Cybersecurity\awd\备份\web1\var\www\html\staff_cheque_approve.php 中发现 0 个问题
2026-05-28 14:43:21,291 - modules.generic_rule_engine - INFO - 通用规则引擎在文件 C:\Users\Pine\Desktop\Cybersecurity\awd\备份\web1\var\www\html\staff_cheque_approve_process.php 中发现 0 个问题
2026-05-28 14:43:21,292 - modules.generic_rule_engine - INFO - 通用规则引擎在文件 C:\Users\Pine\Desktop\Cybersecurity\awd\备份\web1\var\www\html\staff_homepage.php 中发现 0 个问题
2026-05-28 14:43:21,293 - modules.generic_rule_engine - INFO - 通用规则引擎在文件 C:\Users\Pine\Desktop\Cybersecurity\awd\备份\web1\var\www\html\staff_login.php 中发现 1 个问题
2026-05-28 14:43:21,293 - modules.generic_rule_engine - INFO - 通用规则引擎在文件 C:\Users\Pine\Desktop\Cybersecurity\awd\备份\web1\var\www\html\staff_logout.php 中发现 0 个问题
2026-05-28 14:43:21,293 - modules.generic_rule_engine - INFO - 通用规则引擎在文件 C:\Users\Pine\Desktop\Cybersecurity\awd\备份\web1\var\www\html\staff_navbar.php 中发现 0 个问题
2026-05-28 14:43:21,306 - modules.generic_rule_engine - INFO - 通用规则引擎在文件 C:\Users\Pine\Desktop\Cybersecurity\awd\备份\web1\var\www\html\t&c.php 中发现 0 个问题
2026-05-28 14:43:21,307 - modules.generic_rule_engine - INFO - 通用规则引擎在文件 C:\Users\Pine\Desktop\Cybersecurity\awd\备份\web1\var\www\html\test.php 中发现 1 个问题
2026-05-28 14:43:21,307 - modules.generic_rule_engine - INFO - 通用规则引擎在文件 C:\Users\Pine\Desktop\Cybersecurity\awd\备份\web1\var\www\html\test2.php 中发现 0 个问题
2026-05-28 14:43:21,308 - modules.generic_rule_engine - INFO - 通用规则引擎在文件 C:\Users\Pine\Desktop\Cybersecurity\awd\备份\web1\var\www\html\_inc\dbconn.php 中发现 0 个问题
2026-05-28 14:43:21,324 - core.plugin_loader - WARNING - Plugin example_plugin does not implement PluginInterface
2026-05-28 14:43:21,324 - core.plugin_loader - INFO - Successfully loaded plugin: example_plugin
2026-05-28 14:43:21,336 - core.plugin_loader - ERROR - Failed to load plugin php_plugin: No module named 'phply'
2026-05-28 14:43:24,973 - modules.file_module - INFO - 使用 utf-8 编码成功读取文件 C:\Users\Pine\Desktop\Cybersecurity\awd\备份\web1\var\www\html\faq.php
2026-05-28 14:44:01,521 - modules.file_module - INFO - 使用 utf-8 编码成功读取文件 C:\Users\Pine\Desktop\Cybersecurity\awd\备份\web1\var\www\html\_inc\dbconn.php
2026-05-28 14:44:02,055 - modules.file_module - INFO - 使用 utf-8 编码成功读取文件 C:\Users\Pine\Desktop\Cybersecurity\awd\备份\web1\var\www\html\account_summary.php
2026-05-28 14:44:02,694 - modules.file_module - INFO - 使用 utf-8 编码成功读取文件 C:\Users\Pine\Desktop\Cybersecurity\awd\备份\web1\var\www\html\add_beneficiary.php
2026-05-28 14:44:03,156 - modules.file_module - INFO - 使用 utf-8 编码成功读取文件 C:\Users\Pine\Desktop\Cybersecurity\awd\备份\web1\var\www\html\add_beneficiary_process.php
2026-05-28 14:44:03,559 - modules.file_module - INFO - 使用 utf-8 编码成功读取文件 C:\Users\Pine\Desktop\Cybersecurity\awd\备份\web1\var\www\html\add_customer.php
2026-05-28 14:44:04,036 - modules.file_module - INFO - 使用 utf-8 编码成功读取文件 C:\Users\Pine\Desktop\Cybersecurity\awd\备份\web1\var\www\html\addcustomer.php
2026-05-28 14:44:04,831 - modules.file_module - INFO - 使用 utf-8 编码成功读取文件 C:\Users\Pine\Desktop\Cybersecurity\awd\备份\web1\var\www\html\addstaff.php
2026-05-28 14:44:05,281 - modules.file_module - INFO - 使用 utf-8 编码成功读取文件 C:\Users\Pine\Desktop\Cybersecurity\awd\备份\web1\var\www\html\admin_homepage.php
2026-05-28 14:44:05,702 - modules.file_module - INFO - 使用 utf-8 编码成功读取文件 C:\Users\Pine\Desktop\Cybersecurity\awd\备份\web1\var\www\html\add_staff.php
2026-05-28 14:44:07,231 - modules.file_module - INFO - 使用 utf-8 编码成功读取文件 C:\Users\Pine\Desktop\Cybersecurity\awd\备份\web1\var\www\html\addcustomer.php
2026-05-28 14:44:07,827 - modules.file_module - INFO - 使用 utf-8 编码成功读取文件 C:\Users\Pine\Desktop\Cybersecurity\awd\备份\web1\var\www\html\add_staff.php
